<?xml version="1.0" encoding="utf-8"?><testsuites name="pytest tests"><testsuite name="pytest" errors="0" failures="1" skipped="0" tests="23" time="6.283" timestamp="2026-03-01T20:47:42.081614+00:00" hostname="agent-env-2e0d60bb-60cb-474a-a44e-86c02dcbf9d3"><testcase classname="tests.test_admin_apis.TestHealthCheck" name="test_health_endpoint" time="0.233" /><testcase classname="tests.test_admin_apis.TestAdminAuthentication" name="test_admin_login_success" time="0.347" /><testcase classname="tests.test_admin_apis.TestAdminAuthentication" name="test_admin_login_invalid_password" time="0.335" /><testcase classname="tests.test_admin_apis.TestAdminDashboard" name="test_get_dashboard_data" time="0.493" /><testcase classname="tests.test_admin_apis.TestAdminDashboard" name="test_get_dashboard_charts" time="0.180" /><testcase classname="tests.test_admin_apis.TestAdminProviders" name="test_get_providers_list" time="0.130" /><testcase classname="tests.test_admin_apis.TestAdminProviders" name="test_provider_test_connection" time="0.604" /><testcase classname="tests.test_admin_apis.TestAdminProviders" name="test_provider_refresh_balance" time="0.538" /><testcase classname="tests.test_admin_apis.TestAdminProviders" name="test_provider_get_services" time="0.772" /><testcase classname="tests.test_admin_apis.TestAdminProviders" name="test_provider_get_logs" time="0.286" /><testcase classname="tests.test_admin_apis.TestAdminBonuses" name="test_get_bonus_tiers" time="0.107" /><testcase classname="tests.test_admin_apis.TestAdminBonuses" name="test_get_bonus_settings" time="0.116" /><testcase classname="tests.test_admin_apis.TestAdminBonuses" name="test_update_bonus_settings" time="0.121" /><testcase classname="tests.test_admin_apis.TestAdminBonuses" name="test_get_bonus_promotions" time="0.144" /><testcase classname="tests.test_admin_apis.TestAdminBonuses" name="test_create_bonus_promotion" time="0.155" /><testcase classname="tests.test_admin_apis.TestAdminReports" name="test_get_revenue_report" time="0.109" /><testcase classname="tests.test_admin_apis.TestAdminReports" name="test_get_revenue_report_with_dates" time="0.121" /><testcase classname="tests.test_admin_apis.TestAdminReports" name="test_export_revenue_csv" time="0.116" /><testcase classname="tests.test_admin_apis.TestAdminReports" name="test_get_profit_report" time="0.110" /><testcase classname="tests.test_admin_apis.TestAdminReports" name="test_get_orders_report" time="0.121" /><testcase classname="tests.test_admin_apis.TestAdminReports" name="test_get_payments_report" time="0.135" /><testcase classname="tests.test_admin_apis.TestUserRegistrationFlow" name="test_user_registration" time="0.358" /><testcase classname="tests.test_admin_apis.TestUserOrderFlow" name="test_get_services_for_order" time="0.498"><failure message="AssertionError: assert 'services' in [{'avg_time': '1-24 hours', 'category_id': 'cat_facebook', 'created_at': '2026-03-01T16:53:03.107097+00:00', 'is_active': True, ...}, {'avg_time': '1-48 hours', 'category_id': 'cat_facebook', 'created_at': '2026-03-01T16:53:03.106928+00:00', 'is_active': True, ...}, {'avg_time': '1-12 hours', 'category_id': 'cat_instagram', 'created_at': '2026-03-01T16:53:03.105382+00:00', 'is_active': True, ...}, {'avg_time': '0-24 hours', 'category_id': 'cat_instagram', 'created_at': '2026-03-01T16:53:03.084651+00:00', 'is_active': True, ...}, {'avg_time': '0-6 hours', 'category_id': 'cat_instagram', 'created_at': '2026-03-01T16:53:03.104892+00:00', 'is_active': True, ...}, {'avg_time': '0-1 hour', 'category_id': 'cat_instagram', 'created_at': '2026-03-01T16:53:03.105175+00:00', 'is_active': True, ...}, ...]">tests/test_admin_apis.py:466: in test_get_services_for_order
    assert "services" in data
E   AssertionError: assert 'services' in [{'avg_time': '1-24 hours', 'category_id': 'cat_facebook', 'created_at': '2026-03-01T16:53:03.107097+00:00', 'is_active': True, ...}, {'avg_time': '1-48 hours', 'category_id': 'cat_facebook', 'created_at': '2026-03-01T16:53:03.106928+00:00', 'is_active': True, ...}, {'avg_time': '1-12 hours', 'category_id': 'cat_instagram', 'created_at': '2026-03-01T16:53:03.105382+00:00', 'is_active': True, ...}, {'avg_time': '0-24 hours', 'category_id': 'cat_instagram', 'created_at': '2026-03-01T16:53:03.084651+00:00', 'is_active': True, ...}, {'avg_time': '0-6 hours', 'category_id': 'cat_instagram', 'created_at': '2026-03-01T16:53:03.104892+00:00', 'is_active': True, ...}, {'avg_time': '0-1 hour', 'category_id': 'cat_instagram', 'created_at': '2026-03-01T16:53:03.105175+00:00', 'is_active': True, ...}, ...]</failure></testcase></testsuite></testsuites>